<?xml version="1.0" encoding="UTF-8"?>
<!-- Generated by org.testng.reporters.JUnitXMLReporter -->
<testsuite hostname="TYUDM" name="Default test" tests="3" failures="0" timestamp="1 Mar 2019 16:25:38 GMT" time="30.658" errors="0">
  <testcase name="LogIn" time="10.02" classname="betSite.RegistrationTestSuit"/>
  <testcase name="SingIn" time="9.548" classname="betSite.RegistrationTestSuit"/>
  <testcase name="SingOut" time="2.792" classname="betSite.RegistrationTestSuit"/>
</testsuite> <!-- Default test -->
