<?xml version="1.0" encoding="UTF-8"?>
<!-- Generated by org.testng.reporters.JUnitXMLReporter -->
<testsuite hostname="TYUDM" name="Default test" tests="3" failures="0" timestamp="8 Feb 2019 14:09:48 GMT" time="25.262" errors="0">
  <testcase name="LogIn" time="7.949" classname="betSite.RegistrationTestSuit"/>
  <testcase name="SingIn" time="7.147" classname="betSite.RegistrationTestSuit"/>
  <testcase name="SingOut" time="2.299" classname="betSite.RegistrationTestSuit"/>
</testsuite> <!-- Default test -->
