<?xml version="1.0" encoding="UTF-8"?>
<testng-results skipped="0" failed="0" ignored="0" total="2"
	passed="2">
	<reporter-output>
	</reporter-output>
	<suite name="Default suite" duration-ms="67886" started-at="2018-07-12T15:06:22Z"
		finished-at="2018-07-12T15:07:30Z">
		<groups>
		</groups>
		<test name="Default test" duration-ms="67886" started-at="2018-07-12T15:06:22Z"
			finished-at="2018-07-12T15:07:30Z">
			<class name="Story1">
				<test-method status="PASS"
					signature="setupClass1()[pri:0, instance:Story1@569cfc36]" name="setupClass1"
					is-config="true" duration-ms="5476" started-at="2018-07-12T15:06:22Z"
					finished-at="2018-07-12T15:06:27Z">
					<reporter-output>
					</reporter-output>
				</test-method> <!-- setupClass1 -->
				<test-method status="PASS"
					signature="LogIn()[pri:0, instance:Story1@569cfc36]" name="LogIn"
					duration-ms="52371" started-at="2018-07-12T15:06:27Z" finished-at="2018-07-12T15:07:20Z">
					<reporter-output>
					</reporter-output>
				</test-method> <!-- LogIn -->
				<test-method status="PASS"
					signature="IncorrectEmail()[pri:1, instance:Story1@569cfc36]" name="IncorrectEmail"
					duration-ms="8549" started-at="2018-07-12T15:07:20Z" finished-at="2018-07-12T15:07:28Z">
					<reporter-output>
					</reporter-output>
				</test-method> <!-- IncorrectEmail -->
				<test-method status="PASS"
					signature="teardown()[pri:0, instance:Story1@569cfc36]" name="teardown"
					is-config="true" duration-ms="1435" started-at="2018-07-12T15:07:28Z"
					finished-at="2018-07-12T15:07:30Z">
					<reporter-output>
					</reporter-output>
				</test-method> <!-- teardown -->
			</class> <!-- Story1 -->
		</test> <!-- Default test -->
	</suite> <!-- Default suite -->
</testng-results>
