<?xml version="1.0" encoding="UTF-8"?>
<testng-results skipped="0" failed="0" total="2" passed="2">
  <reporter-output>
  </reporter-output>
  <suite name="Default suite" duration-ms="93230" started-at="2018-07-13T09:22:47Z" finished-at="2018-07-13T09:24:21Z">
    <groups>
    </groups>
    <test name="Default test" duration-ms="93230" started-at="2018-07-13T09:22:47Z" finished-at="2018-07-13T09:24:21Z">
      <class name="betSite.RegistrationTestSuit">
        <test-method status="PASS" signature="setupClass1()[pri:0, instance:betSite.RegistrationTestSuit@3bfdc050]" name="setupClass1" is-config="true" duration-ms="27951" started-at="2018-07-13T12:22:47Z" finished-at="2018-07-13T12:23:15Z">
          <reporter-output>
          </reporter-output>
        </test-method> <!-- setupClass1 -->
        <test-method status="PASS" signature="LogIn()[pri:0, instance:betSite.RegistrationTestSuit@3bfdc050]" name="LogIn" duration-ms="55980" started-at="2018-07-13T12:23:15Z" finished-at="2018-07-13T12:24:11Z">
          <reporter-output>
          </reporter-output>
        </test-method> <!-- LogIn -->
        <test-method status="PASS" signature="IncorrectEmail()[pri:0, instance:betSite.RegistrationTestSuit@3bfdc050]" name="IncorrectEmail" duration-ms="4249" started-at="2018-07-13T12:24:11Z" finished-at="2018-07-13T12:24:16Z">
          <reporter-output>
          </reporter-output>
        </test-method> <!-- IncorrectEmail -->
        <test-method status="PASS" signature="teardown()[pri:0, instance:betSite.RegistrationTestSuit@3bfdc050]" name="teardown" is-config="true" duration-ms="5032" started-at="2018-07-13T12:24:16Z" finished-at="2018-07-13T12:24:21Z">
          <reporter-output>
          </reporter-output>
        </test-method> <!-- teardown -->
      </class> <!-- betSite.RegistrationTestSuit -->
    </test> <!-- Default test -->
  </suite> <!-- Default suite -->
</testng-results>
